0 info it worked if it ends with ok
1 verbose cli [ '/usr/bin/node', '/usr/bin/npm', 'install' ]
2 info using npm@3.5.2
3 info using node@v8.10.0
4 silly loadCurrentTree Starting
5 silly install loadCurrentTree
6 silly install readLocalPackageData
7 silly install normalizeTree
8 silly loadCurrentTree Finishing
9 silly loadIdealTree Starting
10 silly install loadIdealTree
11 silly cloneCurrentTree Starting
12 silly install cloneCurrentTreeToIdealTree
13 silly cloneCurrentTree Finishing
14 silly loadShrinkwrap Starting
15 silly install loadShrinkwrap
16 silly loadShrinkwrap Finishing
17 silly loadAllDepsIntoIdealTree Starting
18 silly install loadAllDepsIntoIdealTree
19 silly fetchPackageMetaData readable-stream@git+https://github.com/meteor/readable-stream.git#c688cdd193549919b840e8d72a86682d91961e12
20 silly fetchOtherPackageData readable-stream@git+https://github.com/meteor/readable-stream.git#c688cdd193549919b840e8d72a86682d91961e12
21 silly cache add args [ 'readable-stream@git+https://github.com/meteor/readable-stream.git#c688cdd193549919b840e8d72a86682d91961e12',
21 silly cache add   null ]
22 verbose cache add spec readable-stream@git+https://github.com/meteor/readable-stream.git#c688cdd193549919b840e8d72a86682d91961e12
23 silly cache add parsed spec Result {
23 silly cache add   raw: 'readable-stream@git+https://github.com/meteor/readable-stream.git#c688cdd193549919b840e8d72a86682d91961e12',
23 silly cache add   scope: null,
23 silly cache add   name: 'readable-stream',
23 silly cache add   rawSpec: 'git+https://github.com/meteor/readable-stream.git#c688cdd193549919b840e8d72a86682d91961e12',
23 silly cache add   spec: 'git+https://github.com/meteor/readable-stream.git#c688cdd193549919b840e8d72a86682d91961e12',
23 silly cache add   type: 'hosted',
23 silly cache add   hosted:
23 silly cache add    { type: 'github',
23 silly cache add      ssh: 'git@github.com:meteor/readable-stream.git#c688cdd193549919b840e8d72a86682d91961e12',
23 silly cache add      sshUrl: 'git+ssh://git@github.com/meteor/readable-stream.git#c688cdd193549919b840e8d72a86682d91961e12',
23 silly cache add      httpsUrl: 'git+https://github.com/meteor/readable-stream.git#c688cdd193549919b840e8d72a86682d91961e12',
23 silly cache add      gitUrl: 'git://github.com/meteor/readable-stream.git#c688cdd193549919b840e8d72a86682d91961e12',
23 silly cache add      shortcut: 'github:meteor/readable-stream#c688cdd193549919b840e8d72a86682d91961e12',
23 silly cache add      directUrl: 'https://raw.githubusercontent.com/meteor/readable-stream/c688cdd193549919b840e8d72a86682d91961e12/package.json' } }
24 verbose addRemoteGit caching git+https://github.com/meteor/readable-stream.git#c688cdd193549919b840e8d72a86682d91961e12
25 verbose addRemoteGit git+https://github.com/meteor/readable-stream.git#c688cdd193549919b840e8d72a86682d91961e12 is a repository hosted by github
26 silly tryClone cloning git+https://github.com/meteor/readable-stream.git#c688cdd193549919b840e8d72a86682d91961e12 via git+https://github.com/meteor/readable-stream.git#c688cdd193549919b840e8d72a86682d91961e12
27 verbose tryClone git-https-github-com-meteor-readable-stream-git-c688cdd193549919b840e8d72a86682d91961e12-ede818cf not in flight; caching
28 verbose makeDirectory /home/charles/.npm/_git-remotes creation not in flight; initializing
29 silly makeDirectory /home/charles/.npm/_git-remotes uid: 1000 gid: 1000
30 info git [ 'clone',
30 info git   '--template=/home/charles/.npm/_git-remotes/_templates',
30 info git   '--mirror',
30 info git   'https://github.com/meteor/readable-stream.git',
30 info git   '/home/charles/.npm/_git-remotes/git-https-github-com-meteor-readable-stream-git-c688cdd193549919b840e8d72a86682d91961e12-ede818cf' ]
31 error git clone --template=/home/charles/.npm/_git-remotes/_templates --mirror https://github.com/meteor/readable-stream.git /home/charles/.npm/_git-remotes/git-https-github-com-meteor-readable-stream-git-c688cdd193549919b840e8d72a86682d91961e12-ede818cf: Cloning into bare repository '/home/charles/.npm/_git-remotes/git-https-github-com-meteor-readable-stream-git-c688cdd193549919b840e8d72a86682d91961e12-ede818cf'...
31 error git clone --template=/home/charles/.npm/_git-remotes/_templates --mirror https://github.com/meteor/readable-stream.git /home/charles/.npm/_git-remotes/git-https-github-com-meteor-readable-stream-git-c688cdd193549919b840e8d72a86682d91961e12-ede818cf: fatal: unable to access 'https://github.com/meteor/readable-stream.git/': Could not resolve host: github.com
32 silly fetchPackageMetaData Error: Command failed: git clone --template=/home/charles/.npm/_git-remotes/_templates --mirror https://github.com/meteor/readable-stream.git /home/charles/.npm/_git-remotes/git-https-github-com-meteor-readable-stream-git-c688cdd193549919b840e8d72a86682d91961e12-ede818cf
32 silly fetchPackageMetaData Cloning into bare repository '/home/charles/.npm/_git-remotes/git-https-github-com-meteor-readable-stream-git-c688cdd193549919b840e8d72a86682d91961e12-ede818cf'...
32 silly fetchPackageMetaData fatal: unable to access 'https://github.com/meteor/readable-stream.git/': Could not resolve host: github.com
32 silly fetchPackageMetaData
32 silly fetchPackageMetaData     at ChildProcess.exithandler (child_process.js:275:12)
32 silly fetchPackageMetaData     at emitTwo (events.js:126:13)
32 silly fetchPackageMetaData     at ChildProcess.emit (events.js:214:7)
32 silly fetchPackageMetaData     at maybeClose (internal/child_process.js:925:16)
32 silly fetchPackageMetaData     at Process.ChildProcess._handle.onexit (internal/child_process.js:209:5)
32 silly fetchPackageMetaData  error for readable-stream@git+https://github.com/meteor/readable-stream.git#c688cdd193549919b840e8d72a86682d91961e12 { Error: Command failed: git clone --template=/home/charles/.npm/_git-remotes/_templates --mirror https://github.com/meteor/readable-stream.git /home/charles/.npm/_git-remotes/git-https-github-com-meteor-readable-stream-git-c688cdd193549919b840e8d72a86682d91961e12-ede818cf
32 silly fetchPackageMetaData Cloning into bare repository '/home/charles/.npm/_git-remotes/git-https-github-com-meteor-readable-stream-git-c688cdd193549919b840e8d72a86682d91961e12-ede818cf'...
32 silly fetchPackageMetaData fatal: unable to access 'https://github.com/meteor/readable-stream.git/': Could not resolve host: github.com
32 silly fetchPackageMetaData
32 silly fetchPackageMetaData     at ChildProcess.exithandler (child_process.js:275:12)
32 silly fetchPackageMetaData     at emitTwo (events.js:126:13)
32 silly fetchPackageMetaData     at ChildProcess.emit (events.js:214:7)
32 silly fetchPackageMetaData     at maybeClose (internal/child_process.js:925:16)
32 silly fetchPackageMetaData     at Process.ChildProcess._handle.onexit (internal/child_process.js:209:5)
32 silly fetchPackageMetaData   killed: false,
32 silly fetchPackageMetaData   code: 128,
32 silly fetchPackageMetaData   signal: null,
32 silly fetchPackageMetaData   cmd: 'git clone --template=/home/charles/.npm/_git-remotes/_templates --mirror https://github.com/meteor/readable-stream.git /home/charles/.npm/_git-remotes/git-https-github-com-meteor-readable-stream-git-c688cdd193549919b840e8d72a86682d91961e12-ede818cf' }
33 silly rollbackFailedOptional Starting
34 silly rollbackFailedOptional Finishing
35 silly runTopLevelLifecycles Starting
36 silly runTopLevelLifecycles Finishing
37 silly install printInstalled
38 verbose stack Error: Command failed: git clone --template=/home/charles/.npm/_git-remotes/_templates --mirror https://github.com/meteor/readable-stream.git /home/charles/.npm/_git-remotes/git-https-github-com-meteor-readable-stream-git-c688cdd193549919b840e8d72a86682d91961e12-ede818cf
38 verbose stack Cloning into bare repository '/home/charles/.npm/_git-remotes/git-https-github-com-meteor-readable-stream-git-c688cdd193549919b840e8d72a86682d91961e12-ede818cf'...
38 verbose stack fatal: unable to access 'https://github.com/meteor/readable-stream.git/': Could not resolve host: github.com
38 verbose stack
38 verbose stack     at ChildProcess.exithandler (child_process.js:275:12)
38 verbose stack     at emitTwo (events.js:126:13)
38 verbose stack     at ChildProcess.emit (events.js:214:7)
38 verbose stack     at maybeClose (internal/child_process.js:925:16)
38 verbose stack     at Process.ChildProcess._handle.onexit (internal/child_process.js:209:5)
39 verbose cwd /home/charles/art-gallery-project
40 error Linux 4.15.0-20-generic
41 error argv "/usr/bin/node" "/usr/bin/npm" "install"
42 error node v8.10.0
43 error npm  v3.5.2
44 error code 128
45 error Command failed: git clone --template=/home/charles/.npm/_git-remotes/_templates --mirror https://github.com/meteor/readable-stream.git /home/charles/.npm/_git-remotes/git-https-github-com-meteor-readable-stream-git-c688cdd193549919b840e8d72a86682d91961e12-ede818cf
45 error Cloning into bare repository '/home/charles/.npm/_git-remotes/git-https-github-com-meteor-readable-stream-git-c688cdd193549919b840e8d72a86682d91961e12-ede818cf'...
45 error fatal: unable to access 'https://github.com/meteor/readable-stream.git/': Could not resolve host: github.com
46 error If you need help, you may report this error at:
46 error     <https://github.com/npm/npm/issues>
47 verbose exit [ 1, true ]
